<?xml version="1.0" encoding="UTF-8"?>
<!-- Generated by org.testng.reporters.JUnitReportReporter -->
<testsuite hostname="DESKTOP-9SUNS29" failures="0" tests="3" name="qaclickacademy.AppiumTest" time="0.010" errors="0" timestamp="2022-04-12T17:00:48 MDT" skipped="0">
  <testcase classname="qaclickacademy.AppiumTest" name="IOSApps" time="0.009"/>
  <system-out/>
  <testcase classname="qaclickacademy.AppiumTest" name="Mobiletest" time="0.001"/>
  <system-out/>
  <testcase classname="qaclickacademy.AppiumTest" name="NativeAPpAndroid" time="0.000"/>
  <system-out/>
</testsuite> <!-- qaclickacademy.AppiumTest -->
